HomeMateMobile/manifest-merger-release-report.txt
-- Merging decision tree log ---
manifest
ADDED from AndroidManifest.xml:2:1
	xmlns:android
		ADDED from AndroidManifest.xml:2:11
	package
		ADDED from AndroidManifest.xml:3:5
		INJECTED from AndroidManifest.xml:0:0
		INJECTED from AndroidManifest.xml:0:0
	android:versionName
		INJECTED from AndroidManifest.xml:0:0
		INJECTED from AndroidManifest.xml:0:0
	android:versionCode
		INJECTED from AndroidManifest.xml:0:0
		INJECTED from AndroidManifest.xml:0:0
uses-permission#android.permission.INTERNET
ADDED from AndroidManifest.xml:4:5
	android:name
		ADDED from AndroidManifest.xml:4:22
uses-permission#android.permission.ACCESS_NETWORK_STATE
ADDED from AndroidManifest.xml:5:5
	android:name
		ADDED from AndroidManifest.xml:5:22
uses-permission#android.permission.CHANGE_WIFI_MULTICAST_STATE
ADDED from AndroidManifest.xml:7:5
	android:name
		ADDED from AndroidManifest.xml:7:22
uses-permission#android.permission.CHANGE_WIFI_STATE
ADDED from AndroidManifest.xml:8:5
	android:name
		ADDED from AndroidManifest.xml:8:22
uses-permission#android.permission.VIBRATE
ADDED from AndroidManifest.xml:9:5
	android:name
		ADDED from AndroidManifest.xml:9:22
uses-permission#android.permission.WRITE_EXTERNAL_STORAGE
ADDED from AndroidManifest.xml:10:5
	android:name
		ADDED from AndroidManifest.xml:10:22
uses-permission#android.permission.READ_LOGS
ADDED from AndroidManifest.xml:11:5
	android:name
		ADDED from AndroidManifest.xml:11:22
uses-permission#android.permission.MOUNT_UNMOUNT_FILESYSTEMS
ADDED from AndroidManifest.xml:12:5
	android:name
		ADDED from AndroidManifest.xml:12:22
uses-permission#android.permission.RECORD_AUDIO
ADDED from AndroidManifest.xml:13:5
	android:name
		ADDED from AndroidManifest.xml:13:22
uses-permission#android.permission.CAMERA
ADDED from AndroidManifest.xml:14:5
	android:name
		ADDED from AndroidManifest.xml:14:22
uses-feature#android.hardware.camera
ADDED from AndroidManifest.xml:16:5
	android:name
		ADDED from AndroidManifest.xml:16:19
uses-feature#android.hardware.camera.autofocus
ADDED from AndroidManifest.xml:17:5
	android:name
		ADDED from AndroidManifest.xml:17:19
uses-permission#android.permission.READ_PHONE_STATE
ADDED from AndroidManifest.xml:19:5
	android:name
		ADDED from AndroidManifest.xml:19:22
uses-permission#android.permission.WRITE_SETTINGS
ADDED from AndroidManifest.xml:20:5
	android:name
		ADDED from AndroidManifest.xml:20:22
uses-permission#android.permission.WAKE_LOCK
ADDED from AndroidManifest.xml:21:5
	android:name
		ADDED from AndroidManifest.xml:21:22
uses-permission#android.permission.BROADCAST_STICKY
ADDED from AndroidManifest.xml:22:5
	android:name
		ADDED from AndroidManifest.xml:22:22
uses-permission#android.permission.READ_EXTERNAL_STORAGE
ADDED from AndroidManifest.xml:23:5
	android:name
		ADDED from AndroidManifest.xml:23:22
uses-permission#android.permission.ACCESS_WIFI_STATE
ADDED from AndroidManifest.xml:26:5
	android:name
		ADDED from AndroidManifest.xml:26:22
uses-permission#android.permission.READ_CONTACTS
ADDED from AndroidManifest.xml:29:5
	android:name
		ADDED from AndroidManifest.xml:29:22
uses-permission#android.permission.MODIFY_AUDIO_SETTINGS
ADDED from AndroidManifest.xml:30:5
	android:name
		ADDED from AndroidManifest.xml:30:22
uses-permission#android.permission.PROCESS_OUTGOING_CALLS
ADDED from AndroidManifest.xml:33:5
	android:name
		ADDED from AndroidManifest.xml:33:22
uses-permission#android.permission.CALL_PHONE
ADDED from AndroidManifest.xml:34:5
	android:name
		ADDED from AndroidManifest.xml:34:22
uses-feature#android.hardware.telephony
ADDED from AndroidManifest.xml:36:5
	android:required
		ADDED from AndroidManifest.xml:38:9
	android:name
		ADDED from AndroidManifest.xml:37:9
application
ADDED from AndroidManifest.xml:44:5
MERGED from ViHome:vihomelib:unspecified:11:5
MERGED from ViHome:eventbus:unspecified:11:5
MERGED from com.android.support:support-v4:22.0.0:22:5
	android:screenOrientation
		ADDED from AndroidManifest.xml:50:9
	android:label
		ADDED from AndroidManifest.xml:49:9
	android:allowBackup
		ADDED from AndroidManifest.xml:46:9
	android:icon
		ADDED from AndroidManifest.xml:48:9
	android:configChanges
		ADDED from AndroidManifest.xml:47:9
	android:theme
		ADDED from AndroidManifest.xml:51:9
	android:name
		ADDED from AndroidManifest.xml:45:9
activity#com.orvibo.homemate.activity.launch.LaunchActivity
ADDED from AndroidManifest.xml:54:9
	android:screenOrientation
		ADDED from AndroidManifest.xml:57:13
	android:label
		ADDED from AndroidManifest.xml:56:13
	android:name
		ADDED from AndroidManifest.xml:55:13
intent-filter#android.intent.action.MAIN+android.intent.category.LAUNCHER
ADDED from AndroidManifest.xml:58:13
action#android.intent.action.MAIN
ADDED from AndroidManifest.xml:59:17
	android:name
		ADDED from AndroidManifest.xml:59:25
category#android.intent.category.LAUNCHER
ADDED from AndroidManifest.xml:61:17
	android:name
		ADDED from AndroidManifest.xml:61:27
activity#com.orvibo.homemate.activity.launch.LauncherGuideActivity
ADDED from AndroidManifest.xml:64:9
	android:screenOrientation
		ADDED from AndroidManifest.xml:67:13
	android:label
		ADDED from AndroidManifest.xml:66:13
	android:name
		ADDED from AndroidManifest.xml:65:13
activity#com.orvibo.homemate.LoginActivity
ADDED from AndroidManifest.xml:68:9
	android:screenOrientation
		ADDED from AndroidManifest.xml:71:13
	android:label
		ADDED from AndroidManifest.xml:70:13
	android:name
		ADDED from AndroidManifest.xml:69:13
activity#com.orvibo.homemate.MainActivity
ADDED from AndroidManifest.xml:72:9
	android:screenOrientation
		ADDED from AndroidManifest.xml:76:13
	android:label
		ADDED from AndroidManifest.xml:75:13
	android:name
		ADDED from AndroidManifest.xml:73:13
	android:launchMode
		ADDED from AndroidManifest.xml:74:13
activity#com.orvibo.homemate.ForgotPasswordActivity
ADDED from AndroidManifest.xml:77:9
	android:screenOrientation
		ADDED from AndroidManifest.xml:80:13
	android:label
		ADDED from AndroidManifest.xml:79:13
	android:name
		ADDED from AndroidManifest.xml:78:13
activity#com.orvibo.homemate.ForgotPasswordSetActivity
ADDED from AndroidManifest.xml:81:9
	android:screenOrientation
		ADDED from AndroidManifest.xml:84:13
	android:label
		ADDED from AndroidManifest.xml:83:13
	android:name
		ADDED from AndroidManifest.xml:82:13
activity#com.orvibo.homemate.SetPasswordActivity
ADDED from AndroidManifest.xml:85:9
	android:screenOrientation
		ADDED from AndroidManifest.xml:88:13
	android:label
		ADDED from AndroidManifest.xml:87:13
	android:name
		ADDED from AndroidManifest.xml:86:13
activity#com.orvibo.homemate.RegisterAccountActivity
ADDED from AndroidManifest.xml:89:9
	android:screenOrientation
		ADDED from AndroidManifest.xml:93:13
	android:label
		ADDED from AndroidManifest.xml:91:13
	android:name
		ADDED from AndroidManifest.xml:90:13
activity#com.orvibo.homemate.RenameFloorNameActivity
ADDED from AndroidManifest.xml:94:9
	android:screenOrientation
		ADDED from AndroidManifest.xml:97:13
	android:label
		ADDED from AndroidManifest.xml:96:13
	android:name
		ADDED from AndroidManifest.xml:95:13
activity#com.orvibo.homemate.RenameRoomNameActivity
ADDED from AndroidManifest.xml:98:9
	android:screenOrientation
		ADDED from AndroidManifest.xml:101:13
	android:label
		ADDED from AndroidManifest.xml:100:13
	android:name
		ADDED from AndroidManifest.xml:99:13
activity#com.orvibo.homemate.RoomManagerActivity
ADDED from AndroidManifest.xml:102:9
	android:screenOrientation
		ADDED from AndroidManifest.xml:105:13
	android:label
		ADDED from AndroidManifest.xml:104:13
	android:name
		ADDED from AndroidManifest.xml:103:13
activity#com.orvibo.homemate.FirstSetFloorAndRoomActivity
ADDED from AndroidManifest.xml:106:9
	android:screenOrientation
		ADDED from AndroidManifest.xml:109:13
	android:label
		ADDED from AndroidManifest.xml:108:13
	android:name
		ADDED from AndroidManifest.xml:107:13
activity#com.orvibo.homemate.AddNewRoomActivity
ADDED from AndroidManifest.xml:110:9
	android:screenOrientation
		ADDED from AndroidManifest.xml:113:13
	android:label
		ADDED from AndroidManifest.xml:112:13
	android:name
		ADDED from AndroidManifest.xml:111:13
activity#com.orvibo.homemate.BindingActivity
ADDED from AndroidManifest.xml:114:9
	android:screenOrientation
		ADDED from AndroidManifest.xml:117:13
	android:label
		ADDED from AndroidManifest.xml:116:13
	android:name
		ADDED from AndroidManifest.xml:115:13
activity#com.orvibo.homemate.AdminLoginActivity
ADDED from AndroidManifest.xml:118:9
	android:screenOrientation
		ADDED from AndroidManifest.xml:121:13
	android:label
		ADDED from AndroidManifest.xml:120:13
	android:name
		ADDED from AndroidManifest.xml:119:13
activity#com.orvibo.homemate.SetActivity
ADDED from AndroidManifest.xml:122:9
	android:screenOrientation
		ADDED from AndroidManifest.xml:125:13
	android:label
		ADDED from AndroidManifest.xml:124:13
	android:name
		ADDED from AndroidManifest.xml:123:13
activity#com.orvibo.homemate.DeviceManageActivity
ADDED from AndroidManifest.xml:126:9
	android:screenOrientation
		ADDED from AndroidManifest.xml:129:13
	android:label
		ADDED from AndroidManifest.xml:128:13
	android:name
		ADDED from AndroidManifest.xml:127:13
activity#com.orvibo.homemate.AddDeviceSuccessActivity
ADDED from AndroidManifest.xml:130:9
	android:screenOrientation
		ADDED from AndroidManifest.xml:133:13
	android:label
		ADDED from AndroidManifest.xml:132:13
	android:name
		ADDED from AndroidManifest.xml:131:13
activity#com.orvibo.homemate.AllHomeActivity
ADDED from AndroidManifest.xml:134:9
	android:screenOrientation
		ADDED from AndroidManifest.xml:137:13
	android:label
		ADDED from AndroidManifest.xml:136:13
	android:name
		ADDED from AndroidManifest.xml:135:13
activity#com.orvibo.homemate.SetFloorAndRoomActivity
ADDED from AndroidManifest.xml:138:9
	android:screenOrientation
		ADDED from AndroidManifest.xml:141:13
	android:label
		ADDED from AndroidManifest.xml:140:13
	android:name
		ADDED from AndroidManifest.xml:139:13
activity#com.orvibo.homemate.ModifyRoomActivity
ADDED from AndroidManifest.xml:142:9
	android:screenOrientation
		ADDED from AndroidManifest.xml:145:13
	android:label
		ADDED from AndroidManifest.xml:144:13
	android:name
		ADDED from AndroidManifest.xml:143:13
activity#com.orvibo.homemate.ConditionerActivity
ADDED from AndroidManifest.xml:146:9
	android:screenOrientation
		ADDED from AndroidManifest.xml:149:13
	android:label
		ADDED from AndroidManifest.xml:148:13
	android:name
		ADDED from AndroidManifest.xml:147:13
activity#com.orvibo.homemate.RgbLightActivity
ADDED from AndroidManifest.xml:150:9
	android:screenOrientation
		ADDED from AndroidManifest.xml:153:13
	android:label
		ADDED from AndroidManifest.xml:152:13
	android:name
		ADDED from AndroidManifest.xml:151:13
activity#com.orvibo.homemate.DeviceTimingCreateActivity
ADDED from AndroidManifest.xml:154:9
	android:name
		ADDED from AndroidManifest.xml:154:19
activity#com.orvibo.homemate.AccountManageActivity
ADDED from AndroidManifest.xml:155:9
	android:screenOrientation
		ADDED from AndroidManifest.xml:158:13
	android:label
		ADDED from AndroidManifest.xml:157:13
	android:name
		ADDED from AndroidManifest.xml:156:13
activity#com.orvibo.homemate.AccountManageTransferActivity
ADDED from AndroidManifest.xml:159:9
	android:screenOrientation
		ADDED from AndroidManifest.xml:162:13
	android:label
		ADDED from AndroidManifest.xml:161:13
	android:name
		ADDED from AndroidManifest.xml:160:13
activity#com.orvibo.homemate.AddAccountActivity
ADDED from AndroidManifest.xml:163:9
	android:screenOrientation
		ADDED from AndroidManifest.xml:166:13
	android:label
		ADDED from AndroidManifest.xml:165:13
	android:name
		ADDED from AndroidManifest.xml:164:13
activity#com.orvibo.homemate.SetDeviceActivity
ADDED from AndroidManifest.xml:167:9
	android:windowSoftInputMode
		ADDED from AndroidManifest.xml:171:13
	android:screenOrientation
		ADDED from AndroidManifest.xml:170:13
	android:label
		ADDED from AndroidManifest.xml:169:13
	android:name
		ADDED from AndroidManifest.xml:168:13
activity#com.orvibo.homemate.SelectDeviceTypeActivity
ADDED from AndroidManifest.xml:172:9
	android:screenOrientation
		ADDED from AndroidManifest.xml:175:13
	android:label
		ADDED from AndroidManifest.xml:174:13
	android:name
		ADDED from AndroidManifest.xml:173:13
activity#com.orvibo.homemate.AddDeviceFailActivity
ADDED from AndroidManifest.xml:176:9
	android:screenOrientation
		ADDED from AndroidManifest.xml:179:13
	android:label
		ADDED from AndroidManifest.xml:178:13
	android:name
		ADDED from AndroidManifest.xml:177:13
activity#com.orvibo.homemate.ActionConditionerActivity
ADDED from AndroidManifest.xml:180:9
	android:screenOrientation
		ADDED from AndroidManifest.xml:183:13
	android:label
		ADDED from AndroidManifest.xml:182:13
	android:name
		ADDED from AndroidManifest.xml:181:13
activity#com.orvibo.homemate.DeviceTimingRepeatActivity
ADDED from AndroidManifest.xml:184:9
	android:screenOrientation
		ADDED from AndroidManifest.xml:187:13
	android:label
		ADDED from AndroidManifest.xml:186:13
	android:name
		ADDED from AndroidManifest.xml:185:13
activity#com.orvibo.homemate.ActionTVControllerActivity
ADDED from AndroidManifest.xml:188:9
	android:screenOrientation
		ADDED from AndroidManifest.xml:191:13
	android:label
		ADDED from AndroidManifest.xml:190:13
	android:name
		ADDED from AndroidManifest.xml:189:13
activity#com.orvibo.homemate.ActionSwitchActivity
ADDED from AndroidManifest.xml:192:9
	android:screenOrientation
		ADDED from AndroidManifest.xml:195:13
	android:label
		ADDED from AndroidManifest.xml:194:13
	android:name
		ADDED from AndroidManifest.xml:193:13
activity#com.orvibo.homemate.ActionRgbLightActivity
ADDED from AndroidManifest.xml:196:9
	android:screenOrientation
		ADDED from AndroidManifest.xml:199:13
	android:label
		ADDED from AndroidManifest.xml:198:13
	android:name
		ADDED from AndroidManifest.xml:197:13
activity#com.orvibo.homemate.ActionDimmingLightActivity
ADDED from AndroidManifest.xml:200:9
	android:screenOrientation
		ADDED from AndroidManifest.xml:203:13
	android:label
		ADDED from AndroidManifest.xml:202:13
	android:name
		ADDED from AndroidManifest.xml:201:13
activity#com.orvibo.homemate.ActionSecurityActivity
ADDED from AndroidManifest.xml:204:9
	android:screenOrientation
		ADDED from AndroidManifest.xml:207:13
	android:label
		ADDED from AndroidManifest.xml:206:13
	android:name
		ADDED from AndroidManifest.xml:205:13
activity#com.orvibo.homemate.DeviceTimingListActivity
ADDED from AndroidManifest.xml:208:9
	android:screenOrientation
		ADDED from AndroidManifest.xml:211:13
	android:label
		ADDED from AndroidManifest.xml:210:13
	android:name
		ADDED from AndroidManifest.xml:209:13
activity#com.orvibo.homemate.DeviceTimingAddActivity
ADDED from AndroidManifest.xml:212:9
	android:screenOrientation
		ADDED from AndroidManifest.xml:215:13
	android:label
		ADDED from AndroidManifest.xml:214:13
	android:name
		ADDED from AndroidManifest.xml:213:13
activity#com.orvibo.homemate.DimmingLightActivity
ADDED from AndroidManifest.xml:216:9
	android:screenOrientation
		ADDED from AndroidManifest.xml:219:13
	android:label
		ADDED from AndroidManifest.xml:218:13
	android:name
		ADDED from AndroidManifest.xml:217:13
activity#com.orvibo.homemate.TVControllerActivity
ADDED from AndroidManifest.xml:220:9
	android:screenOrientation
		ADDED from AndroidManifest.xml:223:13
	android:label
		ADDED from AndroidManifest.xml:222:13
	android:name
		ADDED from AndroidManifest.xml:221:13
activity#com.orvibo.homemate.STBControllerActivity
ADDED from AndroidManifest.xml:224:9
	android:screenOrientation
		ADDED from AndroidManifest.xml:227:13
	android:label
		ADDED from AndroidManifest.xml:226:13
	android:name
		ADDED from AndroidManifest.xml:225:13
activity#com.orvibo.homemate.SwitchActivity
ADDED from AndroidManifest.xml:228:9
	android:screenOrientation
		ADDED from AndroidManifest.xml:231:13
	android:label
		ADDED from AndroidManifest.xml:230:13
	android:name
		ADDED from AndroidManifest.xml:229:13
activity#com.orvibo.homemate.ActionCurtainRollerActivity
ADDED from AndroidManifest.xml:232:9
	android:screenOrientation
		ADDED from AndroidManifest.xml:235:13
	android:label
		ADDED from AndroidManifest.xml:234:13
	android:name
		ADDED from AndroidManifest.xml:233:13
activity#com.orvibo.homemate.AccountActivity
ADDED from AndroidManifest.xml:236:9
	android:screenOrientation
		ADDED from AndroidManifest.xml:239:13
	android:label
		ADDED from AndroidManifest.xml:238:13
	android:name
		ADDED from AndroidManifest.xml:237:13
activity#com.orvibo.homemate.SceneActivity
ADDED from AndroidManifest.xml:240:9
	android:windowSoftInputMode
		ADDED from AndroidManifest.xml:243:13
	android:screenOrientation
		ADDED from AndroidManifest.xml:244:13
	android:label
		ADDED from AndroidManifest.xml:242:13
	android:name
		ADDED from AndroidManifest.xml:241:13
activity#com.orvibo.homemate.WheelViewActivity
ADDED from AndroidManifest.xml:245:9
	android:screenOrientation
		ADDED from AndroidManifest.xml:248:13
	android:label
		ADDED from AndroidManifest.xml:247:13
	android:name
		ADDED from AndroidManifest.xml:246:13
activity#com.orvibo.homemate.SelectDeviceActivity
ADDED from AndroidManifest.xml:249:9
	android:screenOrientation
		ADDED from AndroidManifest.xml:252:13
	android:label
		ADDED from AndroidManifest.xml:251:13
	android:name
		ADDED from AndroidManifest.xml:250:13
activity#com.orvibo.homemate.SelectSingleDeviceActivity
ADDED from AndroidManifest.xml:253:9
	android:screenOrientation
		ADDED from AndroidManifest.xml:256:13
	android:label
		ADDED from AndroidManifest.xml:255:13
	android:name
		ADDED from AndroidManifest.xml:254:13
activity#com.orvibo.homemate.SceneSelectPicActivity
ADDED from AndroidManifest.xml:257:9
	android:screenOrientation
		ADDED from AndroidManifest.xml:260:13
	android:label
		ADDED from AndroidManifest.xml:259:13
	android:name
		ADDED from AndroidManifest.xml:258:13
activity#com.orvibo.homemate.DeviceSetIrRepeaterActivity
ADDED from AndroidManifest.xml:261:9
	android:screenOrientation
		ADDED from AndroidManifest.xml:264:13
	android:label
		ADDED from AndroidManifest.xml:263:13
	android:name
		ADDED from AndroidManifest.xml:262:13
activity#com.orvibo.homemate.ModifyFloorActivity
ADDED from AndroidManifest.xml:265:9
	android:screenOrientation
		ADDED from AndroidManifest.xml:268:13
	android:label
		ADDED from AndroidManifest.xml:267:13
	android:name
		ADDED from AndroidManifest.xml:266:13
activity#com.orvibo.homemate.ActionCurtain2HalvesActivity
ADDED from AndroidManifest.xml:269:9
	android:name
		ADDED from AndroidManifest.xml:269:19
activity#com.orvibo.homemate.ActionCurtain2HalvesOldActivity
ADDED from AndroidManifest.xml:270:9
	android:screenOrientation
		ADDED from AndroidManifest.xml:273:13
	android:label
		ADDED from AndroidManifest.xml:272:13
	android:name
		ADDED from AndroidManifest.xml:271:13
activity#com.orvibo.homemate.ActionCurtainOutsideActivity
ADDED from AndroidManifest.xml:274:9
	android:screenOrientation
		ADDED from AndroidManifest.xml:277:13
	android:label
		ADDED from AndroidManifest.xml:276:13
	android:name
		ADDED from AndroidManifest.xml:275:13
activity#com.orvibo.homemate.ActionSelfRemoteActivity
ADDED from AndroidManifest.xml:278:9
	android:screenOrientation
		ADDED from AndroidManifest.xml:281:13
	android:label
		ADDED from AndroidManifest.xml:280:13
	android:name
		ADDED from AndroidManifest.xml:279:13
activity#com.orvibo.homemate.SceneManageActivity
ADDED from AndroidManifest.xml:282:9
	android:screenOrientation
		ADDED from AndroidManifest.xml:285:13
	android:label
		ADDED from AndroidManifest.xml:284:13
	android:name
		ADDED from AndroidManifest.xml:283:13
activity#com.orvibo.homemate.DeviceSetSceneButtonActivity
ADDED from AndroidManifest.xml:286:9
	android:screenOrientation
		ADDED from AndroidManifest.xml:289:13
	android:label
		ADDED from AndroidManifest.xml:288:13
	android:name
		ADDED from AndroidManifest.xml:287:13
activity#com.orvibo.homemate.DeviceSetRemoteActivity
ADDED from AndroidManifest.xml:290:9
	android:screenOrientation
		ADDED from AndroidManifest.xml:293:13
	android:label
		ADDED from AndroidManifest.xml:292:13
	android:name
		ADDED from AndroidManifest.xml:291:13
activity#com.orvibo.homemate.ActionCurtainRollerOldActivity
ADDED from AndroidManifest.xml:294:9
	android:screenOrientation
		ADDED from AndroidManifest.xml:297:13
	android:label
		ADDED from AndroidManifest.xml:296:13
	android:name
		ADDED from AndroidManifest.xml:295:13
activity#com.orvibo.homemate.DeviceSetSelfRemoteActivity
ADDED from AndroidManifest.xml:298:9
	android:screenOrientation
		ADDED from AndroidManifest.xml:301:13
	android:label
		ADDED from AndroidManifest.xml:300:13
	android:name
		ADDED from AndroidManifest.xml:299:13
activity#com.orvibo.homemate.activity.bindaction.SelectSceneActivity
ADDED from AndroidManifest.xml:302:9
	android:screenOrientation
		ADDED from AndroidManifest.xml:305:13
	android:label
		ADDED from AndroidManifest.xml:304:13
	android:name
		ADDED from AndroidManifest.xml:303:13
activity#com.orvibo.homemate.ActionSTBControllerActivity
ADDED from AndroidManifest.xml:306:9
	android:screenOrientation
		ADDED from AndroidManifest.xml:309:13
	android:label
		ADDED from AndroidManifest.xml:308:13
	android:name
		ADDED from AndroidManifest.xml:307:13
activity#com.orvibo.homemate.ConditionerIrLearnActivity
ADDED from AndroidManifest.xml:310:9
	android:screenOrientation
		ADDED from AndroidManifest.xml:313:13
	android:label
		ADDED from AndroidManifest.xml:312:13
	android:name
		ADDED from AndroidManifest.xml:311:13
activity#com.orvibo.homemate.STBIrLearnActivity
ADDED from AndroidManifest.xml:314:9
	android:screenOrientation
		ADDED from AndroidManifest.xml:317:13
	android:label
		ADDED from AndroidManifest.xml:316:13
	android:name
		ADDED from AndroidManifest.xml:315:13
activity#com.orvibo.homemate.TVIrLearnActivity
ADDED from AndroidManifest.xml:318:9
	android:screenOrientation
		ADDED from AndroidManifest.xml:321:13
	android:label
		ADDED from AndroidManifest.xml:320:13
	android:name
		ADDED from AndroidManifest.xml:319:13
activity#com.orvibo.homemate.SecurityActivity
ADDED from AndroidManifest.xml:322:9
	android:screenOrientation
		ADDED from AndroidManifest.xml:325:13
	android:label
		ADDED from AndroidManifest.xml:324:13
	android:name
		ADDED from AndroidManifest.xml:323:13
activity#com.orvibo.homemate.LinkageActivity
ADDED from AndroidManifest.xml:326:9
	android:screenOrientation
		ADDED from AndroidManifest.xml:329:13
	android:label
		ADDED from AndroidManifest.xml:328:13
	android:name
		ADDED from AndroidManifest.xml:327:13
activity#com.orvibo.homemate.CameraActivity
ADDED from AndroidManifest.xml:330:9
	android:label
		ADDED from AndroidManifest.xml:333:13
	android:configChanges
		ADDED from AndroidManifest.xml:332:13
	android:name
		ADDED from AndroidManifest.xml:331:13
activity#com.orvibo.homemate.DeviceSetSelfRemoteAddButtonActivity
ADDED from AndroidManifest.xml:334:9
	android:screenOrientation
		ADDED from AndroidManifest.xml:337:13
	android:label
		ADDED from AndroidManifest.xml:336:13
	android:name
		ADDED from AndroidManifest.xml:335:13
activity#com.orvibo.homemate.DeviceSetSelfRemoteButtonNameActivity
ADDED from AndroidManifest.xml:338:9
	android:screenOrientation
		ADDED from AndroidManifest.xml:341:13
	android:label
		ADDED from AndroidManifest.xml:340:13
	android:name
		ADDED from AndroidManifest.xml:339:13
activity#com.orvibo.homemate.DeviceSetSelfRemoteIrLearnActivity
ADDED from AndroidManifest.xml:342:9
	android:screenOrientation
		ADDED from AndroidManifest.xml:345:13
	android:label
		ADDED from AndroidManifest.xml:344:13
	android:name
		ADDED from AndroidManifest.xml:343:13
activity#com.orvibo.homemate.CurtainWindowShadesActivity
ADDED from AndroidManifest.xml:346:9
	android:screenOrientation
		ADDED from AndroidManifest.xml:349:13
	android:label
		ADDED from AndroidManifest.xml:348:13
	android:name
		ADDED from AndroidManifest.xml:347:13
activity#com.orvibo.homemate.Curtain2HalvesActivity
ADDED from AndroidManifest.xml:350:9
	android:screenOrientation
		ADDED from AndroidManifest.xml:353:13
	android:label
		ADDED from AndroidManifest.xml:352:13
	android:name
		ADDED from AndroidManifest.xml:351:13
activity#com.orvibo.homemate.CurtainRollerActivity
ADDED from AndroidManifest.xml:354:9
	android:screenOrientation
		ADDED from AndroidManifest.xml:357:13
	android:label
		ADDED from AndroidManifest.xml:356:13
	android:name
		ADDED from AndroidManifest.xml:355:13
activity#com.orvibo.homemate.Curtain2HalvesOldActivity
ADDED from AndroidManifest.xml:358:9
	android:screenOrientation
		ADDED from AndroidManifest.xml:361:13
	android:label
		ADDED from AndroidManifest.xml:360:13
	android:name
		ADDED from AndroidManifest.xml:359:13
activity#com.orvibo.homemate.CurtainWindowShadesOldActivity
ADDED from AndroidManifest.xml:362:9
	android:screenOrientation
		ADDED from AndroidManifest.xml:365:13
	android:label
		ADDED from AndroidManifest.xml:364:13
	android:name
		ADDED from AndroidManifest.xml:363:13
activity#com.orvibo.homemate.CurtainRollerOldActivity
ADDED from AndroidManifest.xml:366:9
	android:screenOrientation
		ADDED from AndroidManifest.xml:369:13
	android:label
		ADDED from AndroidManifest.xml:368:13
	android:name
		ADDED from AndroidManifest.xml:367:13
activity#com.orvibo.homemate.DeviceSetSelfRemoteEditActivity
ADDED from AndroidManifest.xml:370:9
	android:screenOrientation
		ADDED from AndroidManifest.xml:373:13
	android:label
		ADDED from AndroidManifest.xml:372:13
	android:name
		ADDED from AndroidManifest.xml:371:13
activity#com.orvibo.homemate.ModifySelfRemoteActivity
ADDED from AndroidManifest.xml:374:9
	android:screenOrientation
		ADDED from AndroidManifest.xml:377:13
	android:label
		ADDED from AndroidManifest.xml:376:13
	android:name
		ADDED from AndroidManifest.xml:375:13
activity#com.orvibo.homemate.activity.CrashActivity
ADDED from AndroidManifest.xml:378:9
	android:screenOrientation
		ADDED from AndroidManifest.xml:381:13
	android:label
		ADDED from AndroidManifest.xml:380:13
	android:name
		ADDED from AndroidManifest.xml:379:13
activity#com.orvibo.homemate.activity.TranActivity
ADDED from AndroidManifest.xml:382:9
	android:screenOrientation
		ADDED from AndroidManifest.xml:385:13
	android:label
		ADDED from AndroidManifest.xml:384:13
	android:theme
		ADDED from AndroidManifest.xml:386:13
	android:name
		ADDED from AndroidManifest.xml:383:13
activity#com.orvibo.homemate.activity.bindaction.SelectBindTypeActivity
ADDED from AndroidManifest.xml:388:9
	android:screenOrientation
		ADDED from AndroidManifest.xml:391:13
	android:label
		ADDED from AndroidManifest.xml:390:13
	android:name
		ADDED from AndroidManifest.xml:389:13
activity#com.orvibo.homemate.activity.user.UserAgreementActivity
ADDED from AndroidManifest.xml:392:9
	android:screenOrientation
		ADDED from AndroidManifest.xml:395:13
	android:label
		ADDED from AndroidManifest.xml:394:13
	android:name
		ADDED from AndroidManifest.xml:393:13
activity#com.orvibo.homemate.activity.device.control.ColorTemperatureLightActivity
ADDED from AndroidManifest.xml:396:9
	android:screenOrientation
		ADDED from AndroidManifest.xml:399:13
	android:label
		ADDED from AndroidManifest.xml:398:13
	android:name
		ADDED from AndroidManifest.xml:397:13
activity#com.orvibo.homemate.activity.device.bind.ActionColorTemperatureLightActivity
ADDED from AndroidManifest.xml:400:9
	android:screenOrientation
		ADDED from AndroidManifest.xml:403:13
	android:label
		ADDED from AndroidManifest.xml:402:13
	android:name
		ADDED from AndroidManifest.xml:401:13
activity#com.orvibo.homemate.ChangePasswordActivity
ADDED from AndroidManifest.xml:404:9
	android:screenOrientation
		ADDED from AndroidManifest.xml:407:13
	android:label
		ADDED from AndroidManifest.xml:406:13
	android:name
		ADDED from AndroidManifest.xml:405:13
service#com.orvibo.homemate.camera.CallbackService
ADDED from AndroidManifest.xml:409:9
	android:screenOrientation
		ADDED from AndroidManifest.xml:412:13
	android:label
		ADDED from AndroidManifest.xml:411:13
	android:name
		ADDED from AndroidManifest.xml:410:13
service#com.orvibo.homemate.service.ViCenterService
ADDED from AndroidManifest.xml:413:9
MERGED from ViHome:vihomelib:unspecified:14:9
	android:screenOrientation
		ADDED from AndroidManifest.xml:416:13
	android:label
		ADDED from AndroidManifest.xml:415:13
	android:exported
		ADDED from ViHome:vihomelib:unspecified:16:13
	android:name
		ADDED from AndroidManifest.xml:414:13
intent-filter#com.vihome.service
ADDED from AndroidManifest.xml:417:13
action#com.vihome.service
ADDED from AndroidManifest.xml:418:17
	android:name
		ADDED from AndroidManifest.xml:418:25
service#com.orvibo.homemate.service.LoginService
ADDED from AndroidManifest.xml:421:9
	android:label
		ADDED from AndroidManifest.xml:423:13
	android:name
		ADDED from AndroidManifest.xml:422:13
uses-sdk
INJECTED from AndroidManifest.xml:0:0 reason: use-sdk injection requested
MERGED from ViHome:vihomelib:unspecified:7:5
MERGED from ViHome:eventbus:unspecified:7:5
MERGED from com.android.support:support-v4:22.0.0:20:5
	android:targetSdkVersion
		INJECTED from AndroidManifest.xml:0:0
		INJECTED from AndroidManifest.xml:0:0
	android:minSdkVersion
		INJECTED from AndroidManifest.xml:0:0
		INJECTED from AndroidManifest.xml:0:0